2019-02-21 13:56:15.733 [ main ] - [ DEBUG ] [ c.b.w.w.dataSource.dataSource.WorkflowDataSource : 332 ] - pop connection success ! org.postgresql.jdbc.PgConnection@209da20d
2019-02-21 13:56:22.457 [ main ] - [ DEBUG ] [ com.bcx.wind.workflow.parser.ProcessBuilder : 94 ] - get process from cache success! 
2019-02-21 13:56:22.563 [ main ] - [ DEBUG ] [ com.bcx.wind.workflow.parser.ProcessBuilder : 94 ] - get process from cache success! 
2019-02-21 13:56:22.600 [ main ] - [ DEBUG ] [ com.bcx.wind.workflow.parser.ProcessBuilder : 94 ] - get process from cache success! 
2019-02-21 13:56:22.627 [ main ] - [ DEBUG ] [ com.bcx.wind.workflow.parser.ProcessBuilder : 94 ] - get process from cache success! 
2019-02-21 13:56:22.641 [ main ] - [ DEBUG ] [ com.bcx.wind.workflow.parser.ProcessBuilder : 94 ] - get process from cache success! 
2019-02-21 13:56:22.654 [ main ] - [ DEBUG ] [ com.bcx.wind.workflow.parser.ProcessBuilder : 94 ] - get process from cache success! 
2019-02-21 13:56:22.664 [ main ] - [ DEBUG ] [ com.bcx.wind.workflow.parser.ProcessBuilder : 94 ] - get process from cache success! 
2019-02-21 13:56:22.679 [ main ] - [ DEBUG ] [ com.bcx.wind.workflow.parser.ProcessBuilder : 94 ] - get process from cache success! 
2019-02-21 13:56:22.703 [ main ] - [ DEBUG ] [ com.bcx.wind.workflow.parser.ProcessBuilder : 94 ] - get process from cache success! 
2019-02-21 13:56:22.719 [ main ] - [ DEBUG ] [ com.bcx.wind.workflow.parser.ProcessBuilder : 94 ] - get process from cache success! 
2019-02-21 13:56:22.730 [ main ] - [ DEBUG ] [ com.bcx.wind.workflow.parser.ProcessBuilder : 94 ] - get process from cache success! 
2019-02-21 13:56:22.743 [ main ] - [ DEBUG ] [ com.bcx.wind.workflow.parser.ProcessBuilder : 94 ] - get process from cache success! 
2019-02-21 13:56:22.759 [ main ] - [ DEBUG ] [ com.bcx.wind.workflow.parser.ProcessBuilder : 94 ] - get process from cache success! 
2019-02-21 13:56:22.771 [ main ] - [ DEBUG ] [ com.bcx.wind.workflow.parser.ProcessBuilder : 94 ] - get process from cache success! 
2019-02-21 13:56:22.788 [ main ] - [ DEBUG ] [ com.bcx.wind.workflow.parser.ProcessBuilder : 94 ] - get process from cache success! 
2019-02-21 13:56:22.851 [ main ] - [ DEBUG ] [ com.bcx.wind.workflow.parser.ProcessBuilder : 94 ] - get process from cache success! 
2019-02-21 13:56:22.863 [ main ] - [ DEBUG ] [ com.bcx.wind.workflow.parser.ProcessBuilder : 94 ] - get process from cache success! 
2019-02-21 13:57:20.581 [ main ] - [ DEBUG ] [ c.b.w.w.dataSource.dataSource.WorkflowDataSource : 332 ] - pop connection success ! org.postgresql.jdbc.PgConnection@209da20d
2019-02-21 13:57:22.976 [ main ] - [ DEBUG ] [ com.bcx.wind.workflow.parser.ProcessBuilder : 94 ] - get process from cache success! 
2019-02-21 13:57:23.093 [ main ] - [ DEBUG ] [ com.bcx.wind.workflow.parser.ProcessBuilder : 94 ] - get process from cache success! 
2019-02-21 13:57:23.121 [ main ] - [ DEBUG ] [ com.bcx.wind.workflow.parser.ProcessBuilder : 94 ] - get process from cache success! 
2019-02-21 13:57:23.154 [ main ] - [ DEBUG ] [ com.bcx.wind.workflow.parser.ProcessBuilder : 94 ] - get process from cache success! 
2019-02-21 13:57:23.178 [ main ] - [ DEBUG ] [ com.bcx.wind.workflow.parser.ProcessBuilder : 94 ] - get process from cache success! 
2019-02-21 13:57:23.191 [ main ] - [ DEBUG ] [ com.bcx.wind.workflow.parser.ProcessBuilder : 94 ] - get process from cache success! 
2019-02-21 13:57:23.203 [ main ] - [ DEBUG ] [ com.bcx.wind.workflow.parser.ProcessBuilder : 94 ] - get process from cache success! 
2019-02-21 13:57:23.215 [ main ] - [ DEBUG ] [ com.bcx.wind.workflow.parser.ProcessBuilder : 94 ] - get process from cache success! 
2019-02-21 13:57:23.225 [ main ] - [ DEBUG ] [ com.bcx.wind.workflow.parser.ProcessBuilder : 94 ] - get process from cache success! 
2019-02-21 13:57:23.239 [ main ] - [ DEBUG ] [ com.bcx.wind.workflow.parser.ProcessBuilder : 94 ] - get process from cache success! 
2019-02-21 13:57:23.265 [ main ] - [ DEBUG ] [ com.bcx.wind.workflow.parser.ProcessBuilder : 94 ] - get process from cache success! 
2019-02-21 13:57:23.273 [ main ] - [ DEBUG ] [ com.bcx.wind.workflow.parser.ProcessBuilder : 94 ] - get process from cache success! 
2019-02-21 15:09:40.831 [ main ] - [ DEBUG ] [ c.b.w.w.dataSource.dataSource.WorkflowDataSource : 332 ] - pop connection success ! org.postgresql.jdbc.PgConnection@bae7dc0
2019-02-21 15:11:28.757 [ main ] - [ DEBUG ] [ c.b.w.w.dataSource.dataSource.WorkflowDataSource : 332 ] - pop connection success ! org.postgresql.jdbc.PgConnection@bae7dc0
2019-02-21 15:26:30.937 [ main ] - [ DEBUG ] [ c.b.w.w.dataSource.dataSource.WorkflowDataSource : 332 ] - pop connection success ! org.postgresql.jdbc.PgConnection@bae7dc0
2019-02-21 15:26:39.398 [ main ] - [ DEBUG ] [ com.bcx.wind.workflow.helper.Assert : 27 ] - 对不起，驳回节点【】不存在，无法驳回
2019-02-21 15:26:39.424 [ main ] - [ INFO  ] [ com.bcx.wind.workflow.impl.DefaultWorkflowSession : 219 ] - 对不起，驳回节点【】不存在，无法驳回
com.bcx.wind.workflow.exception.WorkflowException: 对不起，驳回节点【】不存在，无法驳回
	at com.bcx.wind.workflow.helper.Assert.notEmpty(Assert.java:29) ~[classes/:na]
	at com.bcx.wind.workflow.executor.RejectExecutor.addSubmitNode(RejectExecutor.java:69) ~[classes/:na]
	at com.bcx.wind.workflow.executor.RejectExecutor.executor(RejectExecutor.java:37) ~[classes/:na]
	at com.bcx.wind.workflow.executor.BaseExecutor.reject(BaseExecutor.java:103) ~[classes/:na]
	at com.bcx.wind.workflow.executor.RoutingExecutor.reject(RoutingExecutor.java:73) ~[classes/:na]
	at com.bcx.wind.workflow.impl.DefaultWorkflowSession.reject(DefaultWorkflowSession.java:217) [classes/:na]
	at com.bcx.wind.workflow.impl.DefaultWorkflowSession.reject(DefaultWorkflowSession.java:230) [classes/:na]
	at com.bcx.wind.workflow.impl.WorkflowSessionRejectTest.rejectOne(WorkflowSessionRejectTest.java:19) [test-classes/:na]
	at sun.reflect.NativeMethodAccessorImpl.invoke0(Native Method) ~[na:1.8.0_101]
	at sun.reflect.NativeMethodAccessorImpl.invoke(NativeMethodAccessorImpl.java:62) ~[na:1.8.0_101]
	at sun.reflect.DelegatingMethodAccessorImpl.invoke(DelegatingMethodAccessorImpl.java:43) ~[na:1.8.0_101]
	at java.lang.reflect.Method.invoke(Method.java:498) ~[na:1.8.0_101]
	at org.junit.runners.model.FrameworkMethod$1.runReflectiveCall(FrameworkMethod.java:50) [junit-4.12.jar:4.12]
	at org.junit.internal.runners.model.ReflectiveCallable.run(ReflectiveCallable.java:12) [junit-4.12.jar:4.12]
	at org.junit.runners.model.FrameworkMethod.invokeExplosively(FrameworkMethod.java:47) [junit-4.12.jar:4.12]
	at org.junit.internal.runners.statements.InvokeMethod.evaluate(InvokeMethod.java:17) [junit-4.12.jar:4.12]
	at org.junit.internal.runners.statements.RunBefores.evaluate(RunBefores.java:26) [junit-4.12.jar:4.12]
	at org.junit.runners.ParentRunner.runLeaf(ParentRunner.java:325) [junit-4.12.jar:4.12]
	at org.junit.runners.BlockJUnit4ClassRunner.runChild(BlockJUnit4ClassRunner.java:78) [junit-4.12.jar:4.12]
	at org.junit.runners.BlockJUnit4ClassRunner.runChild(BlockJUnit4ClassRunner.java:57) [junit-4.12.jar:4.12]
	at org.junit.runners.ParentRunner$3.run(ParentRunner.java:290) [junit-4.12.jar:4.12]
	at org.junit.runners.ParentRunner$1.schedule(ParentRunner.java:71) [junit-4.12.jar:4.12]
	at org.junit.runners.ParentRunner.runChildren(ParentRunner.java:288) [junit-4.12.jar:4.12]
	at org.junit.runners.ParentRunner.access$000(ParentRunner.java:58) [junit-4.12.jar:4.12]
	at org.junit.runners.ParentRunner$2.evaluate(ParentRunner.java:268) [junit-4.12.jar:4.12]
	at org.junit.runners.ParentRunner.run(ParentRunner.java:363) [junit-4.12.jar:4.12]
	at org.junit.runner.JUnitCore.run(JUnitCore.java:137) [junit-4.12.jar:4.12]
	at com.intellij.junit4.JUnit4IdeaTestRunner.startRunnerWithArgs(JUnit4IdeaTestRunner.java:68) [junit-rt.jar:na]
	at com.intellij.rt.execution.junit.IdeaTestRunner$Repeater.startRunnerWithArgs(IdeaTestRunner.java:47) [junit-rt.jar:na]
	at com.intellij.rt.execution.junit.JUnitStarter.prepareStreamsAndStart(JUnitStarter.java:242) [junit-rt.jar:na]
	at com.intellij.rt.execution.junit.JUnitStarter.main(JUnitStarter.java:70) [junit-rt.jar:na]
2019-02-21 15:31:04.902 [ main ] - [ DEBUG ] [ c.b.w.w.dataSource.dataSource.WorkflowDataSource : 332 ] - pop connection success ! org.postgresql.jdbc.PgConnection@bae7dc0
2019-02-21 15:36:54.798 [ main ] - [ DEBUG ] [ com.bcx.wind.workflow.helper.Assert : 27 ] - submitWorkflow require parameters orderId user approveUsers has null!
2019-02-21 15:37:03.250 [ main ] - [ INFO  ] [ com.bcx.wind.workflow.impl.DefaultWorkflowSession : 219 ] - submitWorkflow require parameters orderId user approveUsers has null!
com.bcx.wind.workflow.exception.WorkflowException: submitWorkflow require parameters orderId user approveUsers has null!
	at com.bcx.wind.workflow.helper.Assert.notEmpty(Assert.java:29) ~[classes/:na]
	at com.bcx.wind.workflow.executor.handler.TaskHandler.buildTask(TaskHandler.java:66) ~[classes/:na]
	at com.bcx.wind.workflow.executor.handler.TaskHandler.handler(TaskHandler.java:45) ~[classes/:na]
	at com.bcx.wind.workflow.core.flow.BaseNode.handler(BaseNode.java:151) ~[classes/:na]
	at com.bcx.wind.workflow.core.flow.TaskNode.submitNodeNext(TaskNode.java:103) ~[classes/:na]
	at com.bcx.wind.workflow.core.flow.TaskNode.executor(TaskNode.java:90) ~[classes/:na]
	at com.bcx.wind.workflow.core.flow.BaseNode.execute(BaseNode.java:116) ~[classes/:na]
	at com.bcx.wind.workflow.executor.SubmitExecutor.exec(SubmitExecutor.java:32) ~[classes/:na]
	at com.bcx.wind.workflow.executor.SubmitExecutor.executor(SubmitExecutor.java:22) ~[classes/:na]
	at com.bcx.wind.workflow.executor.BaseExecutor.submit(BaseExecutor.java:87) ~[classes/:na]
	at com.bcx.wind.workflow.executor.RejectExecutor.executor(RejectExecutor.java:43) ~[classes/:na]
	at com.bcx.wind.workflow.executor.BaseExecutor.reject(BaseExecutor.java:103) ~[classes/:na]
	at com.bcx.wind.workflow.executor.RoutingExecutor.reject(RoutingExecutor.java:73) ~[classes/:na]
	at com.bcx.wind.workflow.impl.DefaultWorkflowSession.reject(DefaultWorkflowSession.java:217) [classes/:na]
	at com.bcx.wind.workflow.impl.DefaultWorkflowSession.reject(DefaultWorkflowSession.java:230) [classes/:na]
	at com.bcx.wind.workflow.impl.WorkflowSessionRejectTest.rejectOne(WorkflowSessionRejectTest.java:19) [test-classes/:na]
	at sun.reflect.NativeMethodAccessorImpl.invoke0(Native Method) ~[na:1.8.0_101]
	at sun.reflect.NativeMethodAccessorImpl.invoke(NativeMethodAccessorImpl.java:62) ~[na:1.8.0_101]
	at sun.reflect.DelegatingMethodAccessorImpl.invoke(DelegatingMethodAccessorImpl.java:43) ~[na:1.8.0_101]
	at java.lang.reflect.Method.invoke(Method.java:498) ~[na:1.8.0_101]
	at org.junit.runners.model.FrameworkMethod$1.runReflectiveCall(FrameworkMethod.java:50) [junit-4.12.jar:4.12]
	at org.junit.internal.runners.model.ReflectiveCallable.run(ReflectiveCallable.java:12) [junit-4.12.jar:4.12]
	at org.junit.runners.model.FrameworkMethod.invokeExplosively(FrameworkMethod.java:47) [junit-4.12.jar:4.12]
	at org.junit.internal.runners.statements.InvokeMethod.evaluate(InvokeMethod.java:17) [junit-4.12.jar:4.12]
	at org.junit.internal.runners.statements.RunBefores.evaluate(RunBefores.java:26) [junit-4.12.jar:4.12]
	at org.junit.runners.ParentRunner.runLeaf(ParentRunner.java:325) [junit-4.12.jar:4.12]
	at org.junit.runners.BlockJUnit4ClassRunner.runChild(BlockJUnit4ClassRunner.java:78) [junit-4.12.jar:4.12]
	at org.junit.runners.BlockJUnit4ClassRunner.runChild(BlockJUnit4ClassRunner.java:57) [junit-4.12.jar:4.12]
	at org.junit.runners.ParentRunner$3.run(ParentRunner.java:290) [junit-4.12.jar:4.12]
	at org.junit.runners.ParentRunner$1.schedule(ParentRunner.java:71) [junit-4.12.jar:4.12]
	at org.junit.runners.ParentRunner.runChildren(ParentRunner.java:288) [junit-4.12.jar:4.12]
	at org.junit.runners.ParentRunner.access$000(ParentRunner.java:58) [junit-4.12.jar:4.12]
	at org.junit.runners.ParentRunner$2.evaluate(ParentRunner.java:268) [junit-4.12.jar:4.12]
	at org.junit.runners.ParentRunner.run(ParentRunner.java:363) [junit-4.12.jar:4.12]
	at org.junit.runner.JUnitCore.run(JUnitCore.java:137) [junit-4.12.jar:4.12]
	at com.intellij.junit4.JUnit4IdeaTestRunner.startRunnerWithArgs(JUnit4IdeaTestRunner.java:68) [junit-rt.jar:na]
	at com.intellij.rt.execution.junit.IdeaTestRunner$Repeater.startRunnerWithArgs(IdeaTestRunner.java:47) [junit-rt.jar:na]
	at com.intellij.rt.execution.junit.JUnitStarter.prepareStreamsAndStart(JUnitStarter.java:242) [junit-rt.jar:na]
	at com.intellij.rt.execution.junit.JUnitStarter.main(JUnitStarter.java:70) [junit-rt.jar:na]
2019-02-21 15:37:55.585 [ main ] - [ DEBUG ] [ c.b.w.w.dataSource.dataSource.WorkflowDataSource : 332 ] - pop connection success ! org.postgresql.jdbc.PgConnection@bae7dc0
2019-02-21 15:40:44.762 [ main ] - [ DEBUG ] [ com.bcx.wind.workflow.helper.Assert : 27 ] - submitWorkflow require parameters orderId user approveUsers has null!
2019-02-21 15:40:44.811 [ main ] - [ INFO  ] [ com.bcx.wind.workflow.impl.DefaultWorkflowSession : 219 ] - submitWorkflow require parameters orderId user approveUsers has null!
com.bcx.wind.workflow.exception.WorkflowException: submitWorkflow require parameters orderId user approveUsers has null!
	at com.bcx.wind.workflow.helper.Assert.notEmpty(Assert.java:29) ~[classes/:na]
	at com.bcx.wind.workflow.executor.handler.TaskHandler.buildTask(TaskHandler.java:66) ~[classes/:na]
	at com.bcx.wind.workflow.executor.handler.TaskHandler.handler(TaskHandler.java:45) ~[classes/:na]
	at com.bcx.wind.workflow.core.flow.BaseNode.handler(BaseNode.java:151) ~[classes/:na]
	at com.bcx.wind.workflow.core.flow.TaskNode.submitNodeNext(TaskNode.java:103) ~[classes/:na]
	at com.bcx.wind.workflow.core.flow.TaskNode.executor(TaskNode.java:90) ~[classes/:na]
	at com.bcx.wind.workflow.core.flow.BaseNode.execute(BaseNode.java:116) ~[classes/:na]
	at com.bcx.wind.workflow.executor.SubmitExecutor.exec(SubmitExecutor.java:34) ~[classes/:na]
	at com.bcx.wind.workflow.executor.SubmitExecutor.executor(SubmitExecutor.java:24) ~[classes/:na]
	at com.bcx.wind.workflow.executor.BaseExecutor.submit(BaseExecutor.java:87) ~[classes/:na]
	at com.bcx.wind.workflow.executor.RejectExecutor.executor(RejectExecutor.java:43) ~[classes/:na]
	at com.bcx.wind.workflow.executor.BaseExecutor.reject(BaseExecutor.java:103) ~[classes/:na]
	at com.bcx.wind.workflow.executor.RoutingExecutor.reject(RoutingExecutor.java:73) ~[classes/:na]
	at com.bcx.wind.workflow.impl.DefaultWorkflowSession.reject(DefaultWorkflowSession.java:217) [classes/:na]
	at com.bcx.wind.workflow.impl.DefaultWorkflowSession.reject(DefaultWorkflowSession.java:230) [classes/:na]
	at com.bcx.wind.workflow.impl.WorkflowSessionRejectTest.rejectOne(WorkflowSessionRejectTest.java:19) [test-classes/:na]
	at sun.reflect.NativeMethodAccessorImpl.invoke0(Native Method) ~[na:1.8.0_101]
	at sun.reflect.NativeMethodAccessorImpl.invoke(NativeMethodAccessorImpl.java:62) ~[na:1.8.0_101]
	at sun.reflect.DelegatingMethodAccessorImpl.invoke(DelegatingMethodAccessorImpl.java:43) ~[na:1.8.0_101]
	at java.lang.reflect.Method.invoke(Method.java:498) ~[na:1.8.0_101]
	at org.junit.runners.model.FrameworkMethod$1.runReflectiveCall(FrameworkMethod.java:50) [junit-4.12.jar:4.12]
	at org.junit.internal.runners.model.ReflectiveCallable.run(ReflectiveCallable.java:12) [junit-4.12.jar:4.12]
	at org.junit.runners.model.FrameworkMethod.invokeExplosively(FrameworkMethod.java:47) [junit-4.12.jar:4.12]
	at org.junit.internal.runners.statements.InvokeMethod.evaluate(InvokeMethod.java:17) [junit-4.12.jar:4.12]
	at org.junit.internal.runners.statements.RunBefores.evaluate(RunBefores.java:26) [junit-4.12.jar:4.12]
	at org.junit.runners.ParentRunner.runLeaf(ParentRunner.java:325) [junit-4.12.jar:4.12]
	at org.junit.runners.BlockJUnit4ClassRunner.runChild(BlockJUnit4ClassRunner.java:78) [junit-4.12.jar:4.12]
	at org.junit.runners.BlockJUnit4ClassRunner.runChild(BlockJUnit4ClassRunner.java:57) [junit-4.12.jar:4.12]
	at org.junit.runners.ParentRunner$3.run(ParentRunner.java:290) [junit-4.12.jar:4.12]
	at org.junit.runners.ParentRunner$1.schedule(ParentRunner.java:71) [junit-4.12.jar:4.12]
	at org.junit.runners.ParentRunner.runChildren(ParentRunner.java:288) [junit-4.12.jar:4.12]
	at org.junit.runners.ParentRunner.access$000(ParentRunner.java:58) [junit-4.12.jar:4.12]
	at org.junit.runners.ParentRunner$2.evaluate(ParentRunner.java:268) [junit-4.12.jar:4.12]
	at org.junit.runners.ParentRunner.run(ParentRunner.java:363) [junit-4.12.jar:4.12]
	at org.junit.runner.JUnitCore.run(JUnitCore.java:137) [junit-4.12.jar:4.12]
	at com.intellij.junit4.JUnit4IdeaTestRunner.startRunnerWithArgs(JUnit4IdeaTestRunner.java:68) [junit-rt.jar:na]
	at com.intellij.rt.execution.junit.IdeaTestRunner$Repeater.startRunnerWithArgs(IdeaTestRunner.java:47) [junit-rt.jar:na]
	at com.intellij.rt.execution.junit.JUnitStarter.prepareStreamsAndStart(JUnitStarter.java:242) [junit-rt.jar:na]
	at com.intellij.rt.execution.junit.JUnitStarter.main(JUnitStarter.java:70) [junit-rt.jar:na]
2019-02-21 15:41:05.532 [ main ] - [ DEBUG ] [ c.b.w.w.dataSource.dataSource.WorkflowDataSource : 332 ] - pop connection success ! org.postgresql.jdbc.PgConnection@bae7dc0
2019-02-21 15:41:30.549 [ main ] - [ INFO  ] [ com.bcx.wind.workflow.helper.JsonHelper : 118 ] - Unexpected character ('e' (code 101)): was expecting double-quote to start field name
 at [Source: (String)"{edit=[10003]}"; line: 1, column: 3]
com.fasterxml.jackson.core.JsonParseException: Unexpected character ('e' (code 101)): was expecting double-quote to start field name
 at [Source: (String)"{edit=[10003]}"; line: 1, column: 3]
	at com.fasterxml.jackson.core.JsonParser._constructError(JsonParser.java:1798) ~[jackson-core-2.9.1.jar:2.9.1]
	at com.fasterxml.jackson.core.base.ParserMinimalBase._reportError(ParserMinimalBase.java:663) ~[jackson-core-2.9.1.jar:2.9.1]
	at com.fasterxml.jackson.core.base.ParserMinimalBase._reportUnexpectedChar(ParserMinimalBase.java:561) ~[jackson-core-2.9.1.jar:2.9.1]
	at com.fasterxml.jackson.core.json.ReaderBasedJsonParser._handleOddName(ReaderBasedJsonParser.java:1757) ~[jackson-core-2.9.1.jar:2.9.1]
	at com.fasterxml.jackson.core.json.ReaderBasedJsonParser.nextFieldName(ReaderBasedJsonParser.java:907) ~[jackson-core-2.9.1.jar:2.9.1]
	at com.fasterxml.jackson.databind.deser.std.MapDeserializer._readAndBindStringKeyMap(MapDeserializer.java:500) ~[jackson-databind-2.9.1.jar:2.9.1]
	at com.fasterxml.jackson.databind.deser.std.MapDeserializer.deserialize(MapDeserializer.java:364) ~[jackson-databind-2.9.1.jar:2.9.1]
	at com.fasterxml.jackson.databind.deser.std.MapDeserializer.deserialize(MapDeserializer.java:29) ~[jackson-databind-2.9.1.jar:2.9.1]
	at com.fasterxml.jackson.databind.ObjectMapper._readMapAndClose(ObjectMapper.java:4001) ~[jackson-databind-2.9.1.jar:2.9.1]
	at com.fasterxml.jackson.databind.ObjectMapper.readValue(ObjectMapper.java:3030) ~[jackson-databind-2.9.1.jar:2.9.1]
	at com.bcx.wind.workflow.helper.JsonHelper.parseJson(JsonHelper.java:116) ~[classes/:na]
	at com.bcx.wind.workflow.executor.handler.TaskHandler.addApproveUser(TaskHandler.java:109) [classes/:na]
	at com.bcx.wind.workflow.executor.handler.TaskHandler.buildTask(TaskHandler.java:64) [classes/:na]
	at com.bcx.wind.workflow.executor.handler.TaskHandler.handler(TaskHandler.java:45) [classes/:na]
	at com.bcx.wind.workflow.core.flow.BaseNode.handler(BaseNode.java:151) [classes/:na]
	at com.bcx.wind.workflow.core.flow.TaskNode.submitNodeNext(TaskNode.java:103) [classes/:na]
	at com.bcx.wind.workflow.core.flow.TaskNode.executor(TaskNode.java:90) [classes/:na]
	at com.bcx.wind.workflow.core.flow.BaseNode.execute(BaseNode.java:116) [classes/:na]
	at com.bcx.wind.workflow.executor.SubmitExecutor.exec(SubmitExecutor.java:34) [classes/:na]
	at com.bcx.wind.workflow.executor.SubmitExecutor.executor(SubmitExecutor.java:24) [classes/:na]
	at com.bcx.wind.workflow.executor.BaseExecutor.submit(BaseExecutor.java:87) [classes/:na]
	at com.bcx.wind.workflow.executor.RejectExecutor.executor(RejectExecutor.java:43) [classes/:na]
	at com.bcx.wind.workflow.executor.BaseExecutor.reject(BaseExecutor.java:103) [classes/:na]
	at com.bcx.wind.workflow.executor.RoutingExecutor.reject(RoutingExecutor.java:73) [classes/:na]
	at com.bcx.wind.workflow.impl.DefaultWorkflowSession.reject(DefaultWorkflowSession.java:217) [classes/:na]
	at com.bcx.wind.workflow.impl.DefaultWorkflowSession.reject(DefaultWorkflowSession.java:230) [classes/:na]
	at com.bcx.wind.workflow.impl.WorkflowSessionRejectTest.rejectOne(WorkflowSessionRejectTest.java:19) [test-classes/:na]
	at sun.reflect.NativeMethodAccessorImpl.invoke0(Native Method) ~[na:1.8.0_101]
	at sun.reflect.NativeMethodAccessorImpl.invoke(NativeMethodAccessorImpl.java:62) ~[na:1.8.0_101]
	at sun.reflect.DelegatingMethodAccessorImpl.invoke(DelegatingMethodAccessorImpl.java:43) ~[na:1.8.0_101]
	at java.lang.reflect.Method.invoke(Method.java:498) ~[na:1.8.0_101]
	at org.junit.runners.model.FrameworkMethod$1.runReflectiveCall(FrameworkMethod.java:50) [junit-4.12.jar:4.12]
	at org.junit.internal.runners.model.ReflectiveCallable.run(ReflectiveCallable.java:12) [junit-4.12.jar:4.12]
	at org.junit.runners.model.FrameworkMethod.invokeExplosively(FrameworkMethod.java:47) [junit-4.12.jar:4.12]
	at org.junit.internal.runners.statements.InvokeMethod.evaluate(InvokeMethod.java:17) [junit-4.12.jar:4.12]
	at org.junit.internal.runners.statements.RunBefores.evaluate(RunBefores.java:26) [junit-4.12.jar:4.12]
	at org.junit.runners.ParentRunner.runLeaf(ParentRunner.java:325) [junit-4.12.jar:4.12]
	at org.junit.runners.BlockJUnit4ClassRunner.runChild(BlockJUnit4ClassRunner.java:78) [junit-4.12.jar:4.12]
	at org.junit.runners.BlockJUnit4ClassRunner.runChild(BlockJUnit4ClassRunner.java:57) [junit-4.12.jar:4.12]
	at org.junit.runners.ParentRunner$3.run(ParentRunner.java:290) [junit-4.12.jar:4.12]
	at org.junit.runners.ParentRunner$1.schedule(ParentRunner.java:71) [junit-4.12.jar:4.12]
	at org.junit.runners.ParentRunner.runChildren(ParentRunner.java:288) [junit-4.12.jar:4.12]
	at org.junit.runners.ParentRunner.access$000(ParentRunner.java:58) [junit-4.12.jar:4.12]
	at org.junit.runners.ParentRunner$2.evaluate(ParentRunner.java:268) [junit-4.12.jar:4.12]
	at org.junit.runners.ParentRunner.run(ParentRunner.java:363) [junit-4.12.jar:4.12]
	at org.junit.runner.JUnitCore.run(JUnitCore.java:137) [junit-4.12.jar:4.12]
	at com.intellij.junit4.JUnit4IdeaTestRunner.startRunnerWithArgs(JUnit4IdeaTestRunner.java:68) [junit-rt.jar:na]
	at com.intellij.rt.execution.junit.IdeaTestRunner$Repeater.startRunnerWithArgs(IdeaTestRunner.java:47) [junit-rt.jar:na]
	at com.intellij.rt.execution.junit.JUnitStarter.prepareStreamsAndStart(JUnitStarter.java:242) [junit-rt.jar:na]
	at com.intellij.rt.execution.junit.JUnitStarter.main(JUnitStarter.java:70) [junit-rt.jar:na]
2019-02-21 15:41:37.040 [ main ] - [ INFO  ] [ com.bcx.wind.workflow.impl.DefaultWorkflowSession : 219 ] - Unexpected character ('e' (code 101)): was expecting double-quote to start field name
 at [Source: (String)"{edit=[10003]}"; line: 1, column: 3]
com.bcx.wind.workflow.exception.WorkflowException: Unexpected character ('e' (code 101)): was expecting double-quote to start field name
 at [Source: (String)"{edit=[10003]}"; line: 1, column: 3]
	at com.bcx.wind.workflow.helper.JsonHelper.parseJson(JsonHelper.java:119) ~[classes/:na]
	at com.bcx.wind.workflow.executor.handler.TaskHandler.addApproveUser(TaskHandler.java:109) ~[classes/:na]
	at com.bcx.wind.workflow.executor.handler.TaskHandler.buildTask(TaskHandler.java:64) ~[classes/:na]
	at com.bcx.wind.workflow.executor.handler.TaskHandler.handler(TaskHandler.java:45) ~[classes/:na]
	at com.bcx.wind.workflow.core.flow.BaseNode.handler(BaseNode.java:151) ~[classes/:na]
	at com.bcx.wind.workflow.core.flow.TaskNode.submitNodeNext(TaskNode.java:103) ~[classes/:na]
	at com.bcx.wind.workflow.core.flow.TaskNode.executor(TaskNode.java:90) ~[classes/:na]
	at com.bcx.wind.workflow.core.flow.BaseNode.execute(BaseNode.java:116) ~[classes/:na]
	at com.bcx.wind.workflow.executor.SubmitExecutor.exec(SubmitExecutor.java:34) ~[classes/:na]
	at com.bcx.wind.workflow.executor.SubmitExecutor.executor(SubmitExecutor.java:24) ~[classes/:na]
	at com.bcx.wind.workflow.executor.BaseExecutor.submit(BaseExecutor.java:87) ~[classes/:na]
	at com.bcx.wind.workflow.executor.RejectExecutor.executor(RejectExecutor.java:43) ~[classes/:na]
	at com.bcx.wind.workflow.executor.BaseExecutor.reject(BaseExecutor.java:103) ~[classes/:na]
	at com.bcx.wind.workflow.executor.RoutingExecutor.reject(RoutingExecutor.java:73) ~[classes/:na]
	at com.bcx.wind.workflow.impl.DefaultWorkflowSession.reject(DefaultWorkflowSession.java:217) [classes/:na]
	at com.bcx.wind.workflow.impl.DefaultWorkflowSession.reject(DefaultWorkflowSession.java:230) [classes/:na]
	at com.bcx.wind.workflow.impl.WorkflowSessionRejectTest.rejectOne(WorkflowSessionRejectTest.java:19) [test-classes/:na]
	at sun.reflect.NativeMethodAccessorImpl.invoke0(Native Method) ~[na:1.8.0_101]
	at sun.reflect.NativeMethodAccessorImpl.invoke(NativeMethodAccessorImpl.java:62) ~[na:1.8.0_101]
	at sun.reflect.DelegatingMethodAccessorImpl.invoke(DelegatingMethodAccessorImpl.java:43) ~[na:1.8.0_101]
	at java.lang.reflect.Method.invoke(Method.java:498) ~[na:1.8.0_101]
	at org.junit.runners.model.FrameworkMethod$1.runReflectiveCall(FrameworkMethod.java:50) [junit-4.12.jar:4.12]
	at org.junit.internal.runners.model.ReflectiveCallable.run(ReflectiveCallable.java:12) [junit-4.12.jar:4.12]
	at org.junit.runners.model.FrameworkMethod.invokeExplosively(FrameworkMethod.java:47) [junit-4.12.jar:4.12]
	at org.junit.internal.runners.statements.InvokeMethod.evaluate(InvokeMethod.java:17) [junit-4.12.jar:4.12]
	at org.junit.internal.runners.statements.RunBefores.evaluate(RunBefores.java:26) [junit-4.12.jar:4.12]
	at org.junit.runners.ParentRunner.runLeaf(ParentRunner.java:325) [junit-4.12.jar:4.12]
	at org.junit.runners.BlockJUnit4ClassRunner.runChild(BlockJUnit4ClassRunner.java:78) [junit-4.12.jar:4.12]
	at org.junit.runners.BlockJUnit4ClassRunner.runChild(BlockJUnit4ClassRunner.java:57) [junit-4.12.jar:4.12]
	at org.junit.runners.ParentRunner$3.run(ParentRunner.java:290) [junit-4.12.jar:4.12]
	at org.junit.runners.ParentRunner$1.schedule(ParentRunner.java:71) [junit-4.12.jar:4.12]
	at org.junit.runners.ParentRunner.runChildren(ParentRunner.java:288) [junit-4.12.jar:4.12]
	at org.junit.runners.ParentRunner.access$000(ParentRunner.java:58) [junit-4.12.jar:4.12]
	at org.junit.runners.ParentRunner$2.evaluate(ParentRunner.java:268) [junit-4.12.jar:4.12]
	at org.junit.runners.ParentRunner.run(ParentRunner.java:363) [junit-4.12.jar:4.12]
	at org.junit.runner.JUnitCore.run(JUnitCore.java:137) [junit-4.12.jar:4.12]
	at com.intellij.junit4.JUnit4IdeaTestRunner.startRunnerWithArgs(JUnit4IdeaTestRunner.java:68) [junit-rt.jar:na]
	at com.intellij.rt.execution.junit.IdeaTestRunner$Repeater.startRunnerWithArgs(IdeaTestRunner.java:47) [junit-rt.jar:na]
	at com.intellij.rt.execution.junit.JUnitStarter.prepareStreamsAndStart(JUnitStarter.java:242) [junit-rt.jar:na]
	at com.intellij.rt.execution.junit.JUnitStarter.main(JUnitStarter.java:70) [junit-rt.jar:na]
2019-02-21 15:41:49.031 [ main ] - [ DEBUG ] [ c.b.w.w.dataSource.dataSource.WorkflowDataSource : 332 ] - pop connection success ! org.postgresql.jdbc.PgConnection@bae7dc0
2019-02-21 15:42:46.659 [ main ] - [ INFO  ] [ com.bcx.wind.workflow.helper.JsonHelper : 118 ] - Unexpected character ('e' (code 101)): was expecting double-quote to start field name
 at [Source: (String)"{edit=[10003]}"; line: 1, column: 3]
com.fasterxml.jackson.core.JsonParseException: Unexpected character ('e' (code 101)): was expecting double-quote to start field name
 at [Source: (String)"{edit=[10003]}"; line: 1, column: 3]
	at com.fasterxml.jackson.core.JsonParser._constructError(JsonParser.java:1798) ~[jackson-core-2.9.1.jar:2.9.1]
	at com.fasterxml.jackson.core.base.ParserMinimalBase._reportError(ParserMinimalBase.java:663) ~[jackson-core-2.9.1.jar:2.9.1]
	at com.fasterxml.jackson.core.base.ParserMinimalBase._reportUnexpectedChar(ParserMinimalBase.java:561) ~[jackson-core-2.9.1.jar:2.9.1]
	at com.fasterxml.jackson.core.json.ReaderBasedJsonParser._handleOddName(ReaderBasedJsonParser.java:1757) ~[jackson-core-2.9.1.jar:2.9.1]
	at com.fasterxml.jackson.core.json.ReaderBasedJsonParser.nextFieldName(ReaderBasedJsonParser.java:907) ~[jackson-core-2.9.1.jar:2.9.1]
	at com.fasterxml.jackson.databind.deser.std.MapDeserializer._readAndBindStringKeyMap(MapDeserializer.java:500) ~[jackson-databind-2.9.1.jar:2.9.1]
	at com.fasterxml.jackson.databind.deser.std.MapDeserializer.deserialize(MapDeserializer.java:364) ~[jackson-databind-2.9.1.jar:2.9.1]
	at com.fasterxml.jackson.databind.deser.std.MapDeserializer.deserialize(MapDeserializer.java:29) ~[jackson-databind-2.9.1.jar:2.9.1]
	at com.fasterxml.jackson.databind.ObjectMapper._readMapAndClose(ObjectMapper.java:4001) ~[jackson-databind-2.9.1.jar:2.9.1]
	at com.fasterxml.jackson.databind.ObjectMapper.readValue(ObjectMapper.java:3030) ~[jackson-databind-2.9.1.jar:2.9.1]
	at com.bcx.wind.workflow.helper.JsonHelper.parseJson(JsonHelper.java:116) ~[classes/:na]
	at com.bcx.wind.workflow.executor.handler.TaskHandler.addApproveUser(TaskHandler.java:109) [classes/:na]
	at com.bcx.wind.workflow.executor.handler.TaskHandler.buildTask(TaskHandler.java:64) [classes/:na]
	at com.bcx.wind.workflow.executor.handler.TaskHandler.handler(TaskHandler.java:45) [classes/:na]
	at com.bcx.wind.workflow.core.flow.BaseNode.handler(BaseNode.java:151) [classes/:na]
	at com.bcx.wind.workflow.core.flow.TaskNode.submitNodeNext(TaskNode.java:103) [classes/:na]
	at com.bcx.wind.workflow.core.flow.TaskNode.executor(TaskNode.java:90) [classes/:na]
	at com.bcx.wind.workflow.core.flow.BaseNode.execute(BaseNode.java:116) [classes/:na]
	at com.bcx.wind.workflow.executor.SubmitExecutor.exec(SubmitExecutor.java:34) [classes/:na]
	at com.bcx.wind.workflow.executor.SubmitExecutor.executor(SubmitExecutor.java:24) [classes/:na]
	at com.bcx.wind.workflow.executor.BaseExecutor.submit(BaseExecutor.java:87) [classes/:na]
	at com.bcx.wind.workflow.executor.RejectExecutor.executor(RejectExecutor.java:43) [classes/:na]
	at com.bcx.wind.workflow.executor.BaseExecutor.reject(BaseExecutor.java:103) [classes/:na]
	at com.bcx.wind.workflow.executor.RoutingExecutor.reject(RoutingExecutor.java:73) [classes/:na]
	at com.bcx.wind.workflow.impl.DefaultWorkflowSession.reject(DefaultWorkflowSession.java:217) [classes/:na]
	at com.bcx.wind.workflow.impl.DefaultWorkflowSession.reject(DefaultWorkflowSession.java:230) [classes/:na]
	at com.bcx.wind.workflow.impl.WorkflowSessionRejectTest.rejectOne(WorkflowSessionRejectTest.java:19) [test-classes/:na]
	at sun.reflect.NativeMethodAccessorImpl.invoke0(Native Method) ~[na:1.8.0_101]
	at sun.reflect.NativeMethodAccessorImpl.invoke(NativeMethodAccessorImpl.java:62) ~[na:1.8.0_101]
	at sun.reflect.DelegatingMethodAccessorImpl.invoke(DelegatingMethodAccessorImpl.java:43) ~[na:1.8.0_101]
	at java.lang.reflect.Method.invoke(Method.java:498) ~[na:1.8.0_101]
	at org.junit.runners.model.FrameworkMethod$1.runReflectiveCall(FrameworkMethod.java:50) [junit-4.12.jar:4.12]
	at org.junit.internal.runners.model.ReflectiveCallable.run(ReflectiveCallable.java:12) [junit-4.12.jar:4.12]
	at org.junit.runners.model.FrameworkMethod.invokeExplosively(FrameworkMethod.java:47) [junit-4.12.jar:4.12]
	at org.junit.internal.runners.statements.InvokeMethod.evaluate(InvokeMethod.java:17) [junit-4.12.jar:4.12]
	at org.junit.internal.runners.statements.RunBefores.evaluate(RunBefores.java:26) [junit-4.12.jar:4.12]
	at org.junit.runners.ParentRunner.runLeaf(ParentRunner.java:325) [junit-4.12.jar:4.12]
	at org.junit.runners.BlockJUnit4ClassRunner.runChild(BlockJUnit4ClassRunner.java:78) [junit-4.12.jar:4.12]
	at org.junit.runners.BlockJUnit4ClassRunner.runChild(BlockJUnit4ClassRunner.java:57) [junit-4.12.jar:4.12]
	at org.junit.runners.ParentRunner$3.run(ParentRunner.java:290) [junit-4.12.jar:4.12]
	at org.junit.runners.ParentRunner$1.schedule(ParentRunner.java:71) [junit-4.12.jar:4.12]
	at org.junit.runners.ParentRunner.runChildren(ParentRunner.java:288) [junit-4.12.jar:4.12]
	at org.junit.runners.ParentRunner.access$000(ParentRunner.java:58) [junit-4.12.jar:4.12]
	at org.junit.runners.ParentRunner$2.evaluate(ParentRunner.java:268) [junit-4.12.jar:4.12]
	at org.junit.runners.ParentRunner.run(ParentRunner.java:363) [junit-4.12.jar:4.12]
	at org.junit.runner.JUnitCore.run(JUnitCore.java:137) [junit-4.12.jar:4.12]
	at com.intellij.junit4.JUnit4IdeaTestRunner.startRunnerWithArgs(JUnit4IdeaTestRunner.java:68) [junit-rt.jar:na]
	at com.intellij.rt.execution.junit.IdeaTestRunner$Repeater.startRunnerWithArgs(IdeaTestRunner.java:47) [junit-rt.jar:na]
	at com.intellij.rt.execution.junit.JUnitStarter.prepareStreamsAndStart(JUnitStarter.java:242) [junit-rt.jar:na]
	at com.intellij.rt.execution.junit.JUnitStarter.main(JUnitStarter.java:70) [junit-rt.jar:na]
2019-02-21 15:43:31.131 [ main ] - [ INFO  ] [ com.bcx.wind.workflow.helper.JsonHelper : 118 ] - Unexpected character ('e' (code 101)): was expecting double-quote to start field name
 at [Source: (String)"{edit=[10003]}"; line: 1, column: 3]
com.fasterxml.jackson.core.JsonParseException: Unexpected character ('e' (code 101)): was expecting double-quote to start field name
 at [Source: (String)"{edit=[10003]}"; line: 1, column: 3]
	at com.fasterxml.jackson.core.JsonParser._constructError(JsonParser.java:1798) ~[jackson-core-2.9.1.jar:2.9.1]
	at com.fasterxml.jackson.core.base.ParserMinimalBase._reportError(ParserMinimalBase.java:663) ~[jackson-core-2.9.1.jar:2.9.1]
	at com.fasterxml.jackson.core.base.ParserMinimalBase._reportUnexpectedChar(ParserMinimalBase.java:561) ~[jackson-core-2.9.1.jar:2.9.1]
	at com.fasterxml.jackson.core.json.ReaderBasedJsonParser._handleOddName(ReaderBasedJsonParser.java:1757) ~[jackson-core-2.9.1.jar:2.9.1]
	at com.fasterxml.jackson.core.json.ReaderBasedJsonParser.nextFieldName(ReaderBasedJsonParser.java:907) ~[jackson-core-2.9.1.jar:2.9.1]
	at com.fasterxml.jackson.databind.deser.std.MapDeserializer._readAndBindStringKeyMap(MapDeserializer.java:500) ~[jackson-databind-2.9.1.jar:2.9.1]
	at com.fasterxml.jackson.databind.deser.std.MapDeserializer.deserialize(MapDeserializer.java:364) ~[jackson-databind-2.9.1.jar:2.9.1]
	at com.fasterxml.jackson.databind.deser.std.MapDeserializer.deserialize(MapDeserializer.java:29) ~[jackson-databind-2.9.1.jar:2.9.1]
	at com.fasterxml.jackson.databind.ObjectMapper._readMapAndClose(ObjectMapper.java:4001) ~[jackson-databind-2.9.1.jar:2.9.1]
	at com.fasterxml.jackson.databind.ObjectMapper.readValue(ObjectMapper.java:3030) ~[jackson-databind-2.9.1.jar:2.9.1]
	at com.bcx.wind.workflow.helper.JsonHelper.parseJson(JsonHelper.java:116) ~[classes/:na]
	at com.bcx.wind.workflow.executor.handler.TaskHandler.addApproveUser(TaskHandler.java:109) [classes/:na]
	at com.bcx.wind.workflow.executor.handler.TaskHandler.buildTask(TaskHandler.java:64) [classes/:na]
	at com.bcx.wind.workflow.executor.handler.TaskHandler.handler(TaskHandler.java:45) [classes/:na]
	at com.bcx.wind.workflow.core.flow.BaseNode.handler(BaseNode.java:151) [classes/:na]
	at com.bcx.wind.workflow.core.flow.TaskNode.submitNodeNext(TaskNode.java:103) [classes/:na]
	at com.bcx.wind.workflow.core.flow.TaskNode.executor(TaskNode.java:90) [classes/:na]
	at com.bcx.wind.workflow.core.flow.BaseNode.execute(BaseNode.java:116) [classes/:na]
	at com.bcx.wind.workflow.executor.SubmitExecutor.exec(SubmitExecutor.java:34) [classes/:na]
	at com.bcx.wind.workflow.executor.SubmitExecutor.executor(SubmitExecutor.java:24) [classes/:na]
	at com.bcx.wind.workflow.executor.BaseExecutor.submit(BaseExecutor.java:87) [classes/:na]
	at com.bcx.wind.workflow.executor.RejectExecutor.executor(RejectExecutor.java:43) [classes/:na]
	at com.bcx.wind.workflow.executor.BaseExecutor.reject(BaseExecutor.java:103) [classes/:na]
	at com.bcx.wind.workflow.executor.RoutingExecutor.reject(RoutingExecutor.java:73) [classes/:na]
	at com.bcx.wind.workflow.impl.DefaultWorkflowSession.reject(DefaultWorkflowSession.java:217) [classes/:na]
	at com.bcx.wind.workflow.impl.DefaultWorkflowSession.reject(DefaultWorkflowSession.java:230) [classes/:na]
	at com.bcx.wind.workflow.impl.WorkflowSessionRejectTest.rejectOne(WorkflowSessionRejectTest.java:19) [test-classes/:na]
	at sun.reflect.NativeMethodAccessorImpl.invoke0(Native Method) ~[na:1.8.0_101]
	at sun.reflect.NativeMethodAccessorImpl.invoke(NativeMethodAccessorImpl.java:62) ~[na:1.8.0_101]
	at sun.reflect.DelegatingMethodAccessorImpl.invoke(DelegatingMethodAccessorImpl.java:43) ~[na:1.8.0_101]
	at java.lang.reflect.Method.invoke(Method.java:498) ~[na:1.8.0_101]
	at org.junit.runners.model.FrameworkMethod$1.runReflectiveCall(FrameworkMethod.java:50) [junit-4.12.jar:4.12]
	at org.junit.internal.runners.model.ReflectiveCallable.run(ReflectiveCallable.java:12) [junit-4.12.jar:4.12]
	at org.junit.runners.model.FrameworkMethod.invokeExplosively(FrameworkMethod.java:47) [junit-4.12.jar:4.12]
	at org.junit.internal.runners.statements.InvokeMethod.evaluate(InvokeMethod.java:17) [junit-4.12.jar:4.12]
	at org.junit.internal.runners.statements.RunBefores.evaluate(RunBefores.java:26) [junit-4.12.jar:4.12]
	at org.junit.runners.ParentRunner.runLeaf(ParentRunner.java:325) [junit-4.12.jar:4.12]
	at org.junit.runners.BlockJUnit4ClassRunner.runChild(BlockJUnit4ClassRunner.java:78) [junit-4.12.jar:4.12]
	at org.junit.runners.BlockJUnit4ClassRunner.runChild(BlockJUnit4ClassRunner.java:57) [junit-4.12.jar:4.12]
	at org.junit.runners.ParentRunner$3.run(ParentRunner.java:290) [junit-4.12.jar:4.12]
	at org.junit.runners.ParentRunner$1.schedule(ParentRunner.java:71) [junit-4.12.jar:4.12]
	at org.junit.runners.ParentRunner.runChildren(ParentRunner.java:288) [junit-4.12.jar:4.12]
	at org.junit.runners.ParentRunner.access$000(ParentRunner.java:58) [junit-4.12.jar:4.12]
	at org.junit.runners.ParentRunner$2.evaluate(ParentRunner.java:268) [junit-4.12.jar:4.12]
	at org.junit.runners.ParentRunner.run(ParentRunner.java:363) [junit-4.12.jar:4.12]
	at org.junit.runner.JUnitCore.run(JUnitCore.java:137) [junit-4.12.jar:4.12]
	at com.intellij.junit4.JUnit4IdeaTestRunner.startRunnerWithArgs(JUnit4IdeaTestRunner.java:68) [junit-rt.jar:na]
	at com.intellij.rt.execution.junit.IdeaTestRunner$Repeater.startRunnerWithArgs(IdeaTestRunner.java:47) [junit-rt.jar:na]
	at com.intellij.rt.execution.junit.JUnitStarter.prepareStreamsAndStart(JUnitStarter.java:242) [junit-rt.jar:na]
	at com.intellij.rt.execution.junit.JUnitStarter.main(JUnitStarter.java:70) [junit-rt.jar:na]
2019-02-21 15:43:31.138 [ main ] - [ INFO  ] [ com.bcx.wind.workflow.impl.DefaultWorkflowSession : 219 ] - Unexpected character ('e' (code 101)): was expecting double-quote to start field name
 at [Source: (String)"{edit=[10003]}"; line: 1, column: 3]
com.bcx.wind.workflow.exception.WorkflowException: Unexpected character ('e' (code 101)): was expecting double-quote to start field name
 at [Source: (String)"{edit=[10003]}"; line: 1, column: 3]
	at com.bcx.wind.workflow.helper.JsonHelper.parseJson(JsonHelper.java:119) ~[classes/:na]
	at com.bcx.wind.workflow.executor.handler.TaskHandler.addApproveUser(TaskHandler.java:109) ~[classes/:na]
	at com.bcx.wind.workflow.executor.handler.TaskHandler.buildTask(TaskHandler.java:64) ~[classes/:na]
	at com.bcx.wind.workflow.executor.handler.TaskHandler.handler(TaskHandler.java:45) ~[classes/:na]
	at com.bcx.wind.workflow.core.flow.BaseNode.handler(BaseNode.java:151) ~[classes/:na]
	at com.bcx.wind.workflow.core.flow.TaskNode.submitNodeNext(TaskNode.java:103) ~[classes/:na]
	at com.bcx.wind.workflow.core.flow.TaskNode.executor(TaskNode.java:90) ~[classes/:na]
	at com.bcx.wind.workflow.core.flow.BaseNode.execute(BaseNode.java:116) ~[classes/:na]
	at com.bcx.wind.workflow.executor.SubmitExecutor.exec(SubmitExecutor.java:34) ~[classes/:na]
	at com.bcx.wind.workflow.executor.SubmitExecutor.executor(SubmitExecutor.java:24) ~[classes/:na]
	at com.bcx.wind.workflow.executor.BaseExecutor.submit(BaseExecutor.java:87) ~[classes/:na]
	at com.bcx.wind.workflow.executor.RejectExecutor.executor(RejectExecutor.java:43) ~[classes/:na]
	at com.bcx.wind.workflow.executor.BaseExecutor.reject(BaseExecutor.java:103) ~[classes/:na]
	at com.bcx.wind.workflow.executor.RoutingExecutor.reject(RoutingExecutor.java:73) ~[classes/:na]
	at com.bcx.wind.workflow.impl.DefaultWorkflowSession.reject(DefaultWorkflowSession.java:217) [classes/:na]
	at com.bcx.wind.workflow.impl.DefaultWorkflowSession.reject(DefaultWorkflowSession.java:230) [classes/:na]
	at com.bcx.wind.workflow.impl.WorkflowSessionRejectTest.rejectOne(WorkflowSessionRejectTest.java:19) [test-classes/:na]
	at sun.reflect.NativeMethodAccessorImpl.invoke0(Native Method) ~[na:1.8.0_101]
	at sun.reflect.NativeMethodAccessorImpl.invoke(NativeMethodAccessorImpl.java:62) ~[na:1.8.0_101]
	at sun.reflect.DelegatingMethodAccessorImpl.invoke(DelegatingMethodAccessorImpl.java:43) ~[na:1.8.0_101]
	at java.lang.reflect.Method.invoke(Method.java:498) ~[na:1.8.0_101]
	at org.junit.runners.model.FrameworkMethod$1.runReflectiveCall(FrameworkMethod.java:50) [junit-4.12.jar:4.12]
	at org.junit.internal.runners.model.ReflectiveCallable.run(ReflectiveCallable.java:12) [junit-4.12.jar:4.12]
	at org.junit.runners.model.FrameworkMethod.invokeExplosively(FrameworkMethod.java:47) [junit-4.12.jar:4.12]
	at org.junit.internal.runners.statements.InvokeMethod.evaluate(InvokeMethod.java:17) [junit-4.12.jar:4.12]
	at org.junit.internal.runners.statements.RunBefores.evaluate(RunBefores.java:26) [junit-4.12.jar:4.12]
	at org.junit.runners.ParentRunner.runLeaf(ParentRunner.java:325) [junit-4.12.jar:4.12]
	at org.junit.runners.BlockJUnit4ClassRunner.runChild(BlockJUnit4ClassRunner.java:78) [junit-4.12.jar:4.12]
	at org.junit.runners.BlockJUnit4ClassRunner.runChild(BlockJUnit4ClassRunner.java:57) [junit-4.12.jar:4.12]
	at org.junit.runners.ParentRunner$3.run(ParentRunner.java:290) [junit-4.12.jar:4.12]
	at org.junit.runners.ParentRunner$1.schedule(ParentRunner.java:71) [junit-4.12.jar:4.12]
	at org.junit.runners.ParentRunner.runChildren(ParentRunner.java:288) [junit-4.12.jar:4.12]
	at org.junit.runners.ParentRunner.access$000(ParentRunner.java:58) [junit-4.12.jar:4.12]
	at org.junit.runners.ParentRunner$2.evaluate(ParentRunner.java:268) [junit-4.12.jar:4.12]
	at org.junit.runners.ParentRunner.run(ParentRunner.java:363) [junit-4.12.jar:4.12]
	at org.junit.runner.JUnitCore.run(JUnitCore.java:137) [junit-4.12.jar:4.12]
	at com.intellij.junit4.JUnit4IdeaTestRunner.startRunnerWithArgs(JUnit4IdeaTestRunner.java:68) [junit-rt.jar:na]
	at com.intellij.rt.execution.junit.IdeaTestRunner$Repeater.startRunnerWithArgs(IdeaTestRunner.java:47) [junit-rt.jar:na]
	at com.intellij.rt.execution.junit.JUnitStarter.prepareStreamsAndStart(JUnitStarter.java:242) [junit-rt.jar:na]
	at com.intellij.rt.execution.junit.JUnitStarter.main(JUnitStarter.java:70) [junit-rt.jar:na]
2019-02-21 15:43:45.642 [ main ] - [ DEBUG ] [ c.b.w.w.dataSource.dataSource.WorkflowDataSource : 332 ] - pop connection success ! org.postgresql.jdbc.PgConnection@bae7dc0
2019-02-21 15:45:12.191 [ main ] - [ DEBUG ] [ c.b.w.w.dataSource.dataSource.WorkflowDataSource : 332 ] - pop connection success ! org.postgresql.jdbc.PgConnection@bae7dc0
2019-02-21 15:45:34.626 [ main ] - [ DEBUG ] [ c.b.w.w.dataSource.dataSource.WorkflowDataSource : 332 ] - pop connection success ! org.postgresql.jdbc.PgConnection@bae7dc0
2019-02-21 16:11:14.877 [ main ] - [ DEBUG ] [ c.b.w.w.dataSource.dataSource.WorkflowDataSource : 332 ] - pop connection success ! org.postgresql.jdbc.PgConnection@bae7dc0
